{"numTotalTestSuites":703,"numPassedTestSuites":697,"numFailedTestSuites":4,"numPendingTestSuites":2,"numTotalTests":2017,"numPassedTests":2006,"numFailedTests":5,"numPendingTests":2,"numTodoTests":0,"snapshot":{"added":0,"failure":false,"filesAdded":0,"filesRemoved":0,"filesRemovedList":[],"filesUnmatched":0,"filesUpdated":0,"matched":0,"total":0,"unchecked":0,"uncheckedKeysByFile":[],"unmatched":0,"updated":0,"didUpdate":false},"startTime":1772726299028,"success":false,"testResults":[{"assertionResults":[{"ancestorTitles":["BasemapSwitcher","Basic Rendering"],"fullName":"BasemapSwitcher Basic Rendering renders nothing when map is not available","status":"passed","title":"renders nothing when map is not available","duration":13.138199999999983,"failureMessages":[],"meta":{}},{"ancestorTitles":["BasemapSwitcher","Basic Rendering"],"fullName":"BasemapSwitcher Basic Rendering renders nothing when config is loading","status":"passed","title":"renders nothing when config is loading","duration":1.9732000000000198,"failureMessages":[],"meta":{}},{"ancestorTitles":["BasemapSwitcher","Component Structure"],"fullName":"BasemapSwitcher Component Structure renders without crashing when map is provided","status":"passed","title":"renders without crashing when map is provided","duration":1.9749000000000478,"failureMessages":[],"meta":{}},{"ancestorTitles":["BasemapSwitcher","Store Integration"],"fullName":"BasemapSwitcher Store Integration integrates with mapStore correctly","status":"passed","title":"integrates with mapStore correctly","duration":3.5317000000000007,"failureMessages":[],"meta":{}},{"ancestorTitles":["BasemapSwitcher","Store Integration"],"fullName":"BasemapSwitcher Store Integration integrates with appStore correctly","status":"passed","title":"integrates with appStore correctly","duration":0.7603000000000293,"failureMessages":[],"meta":{}},{"ancestorTitles":["BasemapSwitcher","Mock Configuration"],"fullName":"BasemapSwitcher Mock Configuration has proper mock configuration","status":"passed","title":"has proper mock configuration","duration":0.5058999999999969,"failureMessages":[],"meta":{}}],"startTime":1772726437927,"endTime":1772726437948.7603,"status":"passed","message":"","name":"C:/Users/treed/Projects/OpenGIS/SimcoeCountyWebViewerNextJS/src/components/__tests__/BasemapSwitcher.test.tsx"},{"assertionResults":[{"ancestorTitles":["Header"],"fullName":"Header toggles sidebar on burger click","status":"passed","title":"toggles sidebar on burger click","duration":85.18200000000002,"failureMessages":[],"meta":{}}],"startTime":1772726379410,"endTime":1772726379495.182,"status":"passed","message":"","name":"C:/Users/treed/Projects/OpenGIS/SimcoeCountyWebViewerNextJS/src/components/__tests__/Header.test.tsx"},{"assertionResults":[{"ancestorTitles":["HelpModal","Rendering"],"fullName":"HelpModal Rendering renders nothing when not open","status":"passed","title":"renders nothing when not open","duration":11.449200000000019,"failureMessages":[],"meta":{}},{"ancestorTitles":["HelpModal","Rendering"],"fullName":"HelpModal Rendering renders modal when open with content already loaded","status":"passed","title":"renders modal when open with content already loaded","duration":22.126499999999965,"failureMessages":[],"meta":{}},{"ancestorTitles":["HelpModal","Rendering"],"fullName":"HelpModal Rendering renders Help heading in the modal header","status":"passed","title":"renders Help heading in the modal header","duration":4.665200000000027,"failureMessages":[],"meta":{}},{"ancestorTitles":["HelpModal","Content Loading"],"fullName":"HelpModal Content Loading fetches README.md when modal opens","status":"passed","title":"fetches README.md when modal opens","duration":3.4898999999999205,"failureMessages":[],"meta":{}},{"ancestorTitles":["HelpModal","Content Loading"],"fullName":"HelpModal Content Loading displays fetched markdown content","status":"passed","title":"displays fetched markdown content","duration":8.873199999999997,"failureMessages":[],"meta":{}},{"ancestorTitles":["HelpModal","Content Loading"],"fullName":"HelpModal Content Loading displays error message on fetch failure","status":"passed","title":"displays error message on fetch failure","duration":13.733400000000074,"failureMessages":[],"meta":{}},{"ancestorTitles":["HelpModal","Content Loading"],"fullName":"HelpModal Content Loading displays error message on network failure","status":"passed","title":"displays error message on network failure","duration":6.72829999999999,"failureMessages":[],"meta":{}},{"ancestorTitles":["HelpModal","Content Loading"],"fullName":"HelpModal Content Loading shows loading spinner while fetching","status":"passed","title":"shows loading spinner while fetching","duration":7.458399999999983,"failureMessages":[],"meta":{}},{"ancestorTitles":["HelpModal","Content Loading"],"fullName":"HelpModal Content Loading does not re-fetch when modal stays mounted and is reopened","status":"passed","title":"does not re-fetch when modal stays mounted and is reopened","duration":20.981899999999996,"failureMessages":[],"meta":{}},{"ancestorTitles":["HelpModal","Refresh"],"fullName":"HelpModal Refresh re-fetches content when refresh button is clicked","status":"passed","title":"re-fetches content when refresh button is clicked","duration":20.87530000000004,"failureMessages":[],"meta":{}},{"ancestorTitles":["HelpModal","Close Behavior"],"fullName":"HelpModal Close Behavior closes on close button click","status":"passed","title":"closes on close button click","duration":7.04219999999998,"failureMessages":[],"meta":{}},{"ancestorTitles":["HelpModal","Close Behavior"],"fullName":"HelpModal Close Behavior closes on Escape key","status":"passed","title":"closes on Escape key","duration":6.756400000000099,"failureMessages":[],"meta":{}},{"ancestorTitles":["HelpModal","Close Behavior"],"fullName":"HelpModal Close Behavior closes on overlay click","status":"passed","title":"closes on overlay click","duration":3.28469999999993,"failureMessages":[],"meta":{}},{"ancestorTitles":["HelpModal","Close Behavior"],"fullName":"HelpModal Close Behavior does not close when clicking inside the modal content","status":"passed","title":"does not close when clicking inside the modal content","duration":4.485500000000002,"failureMessages":[],"meta":{}},{"ancestorTitles":["HelpModal","Body Scroll Lock"],"fullName":"HelpModal Body Scroll Lock prevents body scroll when modal is open","status":"passed","title":"prevents body scroll when modal is open","duration":1.8216999999999643,"failureMessages":[],"meta":{}},{"ancestorTitles":["HelpModal","Body Scroll Lock"],"fullName":"HelpModal Body Scroll Lock restores body scroll when modal closes","status":"passed","title":"restores body scroll when modal closes","duration":1.5459000000000742,"failureMessages":[],"meta":{}}],"startTime":1772726360132,"endTime":1772726360278.546,"status":"passed","message":"","name":"C:/Users/treed/Projects/OpenGIS/SimcoeCountyWebViewerNextJS/src/components/__tests__/HelpModal.test.tsx"},{"assertionResults":[{"ancestorTitles":["LayerOptionsMenu","Rendering"],"fullName":"LayerOptionsMenu Rendering renders the menu with layer name and close button","status":"passed","title":"renders the menu with layer name and close button","duration":69.36749999999995,"failureMessages":[],"meta":{}},{"ancestorTitles":["LayerOptionsMenu","Rendering"],"fullName":"LayerOptionsMenu Rendering renders opacity slider with correct initial value","status":"passed","title":"renders opacity slider with correct initial value","duration":8.147299999999973,"failureMessages":[],"meta":{}},{"ancestorTitles":["LayerOptionsMenu","Rendering"],"fullName":"LayerOptionsMenu Rendering shows menu items based on layer properties","status":"passed","title":"shows menu items based on layer properties","duration":34.09590000000003,"failureMessages":[],"meta":{}},{"ancestorTitles":["LayerOptionsMenu","Rendering"],"fullName":"LayerOptionsMenu Rendering hides remove layer button for non-user layers","status":"passed","title":"hides remove layer button for non-user layers","duration":10.650700000000143,"failureMessages":[],"meta":{}},{"ancestorTitles":["LayerOptionsMenu","Rendering"],"fullName":"LayerOptionsMenu Rendering shows remove layer button for user layers","status":"passed","title":"shows remove layer button for user layers","duration":11.687200000000075,"failureMessages":[],"meta":{}},{"ancestorTitles":["LayerOptionsMenu","Rendering"],"fullName":"LayerOptionsMenu Rendering hides attribute table button for secured layers","status":"passed","title":"hides attribute table button for secured layers","duration":8.592999999999847,"failureMessages":[],"meta":{}},{"ancestorTitles":["LayerOptionsMenu","Opacity Slider"],"fullName":"LayerOptionsMenu Opacity Slider updates opacity when slider is changed","status":"passed","title":"updates opacity when slider is changed","duration":12.022600000000011,"failureMessages":[],"meta":{}},{"ancestorTitles":["LayerOptionsMenu","Opacity Slider"],"fullName":"LayerOptionsMenu Opacity Slider falls back to TOC store for unmanaged layers","status":"passed","title":"falls back to TOC store for unmanaged layers","duration":6.951099999999997,"failureMessages":[],"meta":{}},{"ancestorTitles":["LayerOptionsMenu","Opacity Slider"],"fullName":"LayerOptionsMenu Opacity Slider updates displayed percentage when opacity changes","status":"passed","title":"updates displayed percentage when opacity changes","duration":17.521199999999908,"failureMessages":[],"meta":{}},{"ancestorTitles":["LayerOptionsMenu","Menu Actions"],"fullName":"LayerOptionsMenu Menu Actions opens metadata URL when metadata button is clicked","status":"passed","title":"opens metadata URL when metadata button is clicked","duration":42.13650000000007,"failureMessages":[],"meta":{}},{"ancestorTitles":["LayerOptionsMenu","Menu Actions"],"fullName":"LayerOptionsMenu Menu Actions shows alert when metadata URL is not available","status":"passed","title":"shows alert when metadata URL is not available","duration":32.540300000000116,"failureMessages":[],"meta":{}},{"ancestorTitles":["LayerOptionsMenu","Menu Actions"],"fullName":"LayerOptionsMenu Menu Actions zooms to layer extent when zoom to layer is clicked","status":"passed","title":"zooms to layer extent when zoom to layer is clicked","duration":33.9867999999999,"failureMessages":[],"meta":{}},{"ancestorTitles":["LayerOptionsMenu","Menu Actions"],"fullName":"LayerOptionsMenu Menu Actions handles zoom to visible scale","status":"passed","title":"handles zoom to visible scale","duration":42.00330000000008,"failureMessages":[],"meta":{}},{"ancestorTitles":["LayerOptionsMenu","Menu Actions"],"fullName":"LayerOptionsMenu Menu Actions shows download alert","status":"passed","title":"shows download alert","duration":35.16840000000002,"failureMessages":[],"meta":{}},{"ancestorTitles":["LayerOptionsMenu","Menu Actions"],"fullName":"LayerOptionsMenu Menu Actions shows attribute table alert","status":"passed","title":"shows attribute table alert","duration":41.50759999999991,"failureMessages":[],"meta":{}},{"ancestorTitles":["LayerOptionsMenu","Menu Actions"],"fullName":"LayerOptionsMenu Menu Actions removes layer after confirmation","status":"passed","title":"removes layer after confirmation","duration":28.38259999999991,"failureMessages":[],"meta":{}},{"ancestorTitles":["LayerOptionsMenu","Close Functionality"],"fullName":"LayerOptionsMenu Close Functionality closes when close button is clicked","status":"passed","title":"closes when close button is clicked","duration":40.60480000000007,"failureMessages":[],"meta":{}},{"ancestorTitles":["LayerOptionsMenu","Close Functionality"],"fullName":"LayerOptionsMenu Close Functionality closes when Escape key is pressed","status":"passed","title":"closes when Escape key is pressed","duration":23.432999999999993,"failureMessages":[],"meta":{}},{"ancestorTitles":["LayerOptionsMenu","Close Functionality"],"fullName":"LayerOptionsMenu Close Functionality closes when clicking outside the menu","status":"passed","title":"closes when clicking outside the menu","duration":11.335800000000063,"failureMessages":[],"meta":{}},{"ancestorTitles":["LayerOptionsMenu","Menu Positioning"],"fullName":"LayerOptionsMenu Menu Positioning renders at the specified position","status":"passed","title":"renders at the specified position","duration":5.953700000000026,"failureMessages":[],"meta":{}},{"ancestorTitles":["LayerOptionsMenu","Menu Positioning"],"fullName":"LayerOptionsMenu Menu Positioning adjusts position when menu would overflow viewport","status":"passed","title":"adjusts position when menu would overflow viewport","duration":4.696099999999888,"failureMessages":[],"meta":{}},{"ancestorTitles":["LayerOptionsMenu","Error Handling"],"fullName":"LayerOptionsMenu Error Handling handles missing map gracefully","status":"passed","title":"handles missing map gracefully","duration":38.09879999999998,"failureMessages":[],"meta":{}},{"ancestorTitles":["LayerOptionsMenu","Error Handling"],"fullName":"LayerOptionsMenu Error Handling shows no options message when no menu items are available","status":"passed","title":"shows no options message when no menu items are available","duration":8.482100000000173,"failureMessages":[],"meta":{}}],"startTime":1772726330531,"endTime":1772726331098.4822,"status":"passed","message":"","name":"C:/Users/treed/Projects/OpenGIS/SimcoeCountyWebViewerNextJS/src/components/__tests__/LayerOptionsMenu.test.tsx"},{"assertionResults":[{"ancestorTitles":["Layout"],"fullName":"Layout renders header and map container once config loads","status":"passed","title":"renders header and map container once config loads","duration":154.78880000000004,"failureMessages":[],"meta":{}}],"startTime":1772726363134,"endTime":1772726363288.7888,"status":"passed","message":"","name":"C:/Users/treed/Projects/OpenGIS/SimcoeCountyWebViewerNextJS/src/components/__tests__/Layout.test.tsx"},{"assertionResults":[{"ancestorTitles":["MapContainer"],"fullName":"MapContainer renders without crashing","status":"passed","title":"renders without crashing","duration":19.604900000000043,"failureMessages":[],"meta":{}},{"ancestorTitles":["MapContainer"],"fullName":"MapContainer handles URL parameters for coordinate positioning","status":"passed","title":"handles URL parameters for coordinate positioning","duration":3.1503000000000156,"failureMessages":[],"meta":{}},{"ancestorTitles":["MapContainer"],"fullName":"MapContainer handles URL parameters for extent positioning","status":"passed","title":"handles URL parameters for extent positioning","duration":2.554100000000062,"failureMessages":[],"meta":{}},{"ancestorTitles":["MapContainer"],"fullName":"MapContainer handles URL parameters for NG911ID lookup","status":"passed","title":"handles URL parameters for NG911ID lookup","duration":1.9701000000000022,"failureMessages":[],"meta":{}},{"ancestorTitles":["MapContainer"],"fullName":"MapContainer renders normally without URL parameters","status":"passed","title":"renders normally without URL parameters","duration":2.5060000000000855,"failureMessages":[],"meta":{}}],"startTime":1772726428767,"endTime":1772726428796.506,"status":"passed","message":"","name":"C:/Users/treed/Projects/OpenGIS/SimcoeCountyWebViewerNextJS/src/components/__tests__/MapContainer.test.tsx"},{"assertionResults":[{"ancestorTitles":["MapContextMenu"],"fullName":"MapContextMenu renders menu with visible items","status":"passed","title":"renders menu with visible items","duration":24.198499999999967,"failureMessages":[],"meta":{}},{"ancestorTitles":["MapContextMenu"],"fullName":"MapContextMenu renders menu at specified coordinates","status":"passed","title":"renders menu at specified coordinates","duration":27.08299999999997,"failureMessages":[],"meta":{}},{"ancestorTitles":["MapContextMenu"],"fullName":"MapContextMenu renders header when showHeader is true","status":"passed","title":"renders header when showHeader is true","duration":3.8641999999999825,"failureMessages":[],"meta":{}},{"ancestorTitles":["MapContextMenu"],"fullName":"MapContextMenu does not render header when showHeader is false","status":"passed","title":"does not render header when showHeader is false","duration":2.3906999999999243,"failureMessages":[],"meta":{}},{"ancestorTitles":["MapContextMenu"],"fullName":"MapContextMenu calls onClick handler when menu item is clicked","status":"passed","title":"calls onClick handler when menu item is clicked","duration":3.8692000000000917,"failureMessages":[],"meta":{}},{"ancestorTitles":["MapContextMenu"],"fullName":"MapContextMenu does not call onClick when disabled item is clicked","status":"passed","title":"does not call onClick when disabled item is clicked","duration":1.7550999999999704,"failureMessages":[],"meta":{}},{"ancestorTitles":["MapContextMenu"],"fullName":"MapContextMenu renders React icon components","status":"passed","title":"renders React icon components","duration":1.7496000000001004,"failureMessages":[],"meta":{}},{"ancestorTitles":["MapContextMenu"],"fullName":"MapContextMenu renders image icon from string path","status":"passed","title":"renders image icon from string path","duration":2.03329999999994,"failureMessages":[],"meta":{}},{"ancestorTitles":["MapContextMenu"],"fullName":"MapContextMenu renders separator items","status":"passed","title":"renders separator items","duration":2.1444999999999936,"failureMessages":[],"meta":{}},{"ancestorTitles":["MapContextMenu"],"fullName":"MapContextMenu closes menu when clicking close button in header","status":"passed","title":"closes menu when clicking close button in header","duration":2.847500000000082,"failureMessages":[],"meta":{}},{"ancestorTitles":["MapContextMenu"],"fullName":"MapContextMenu attaches event listener for clicking outside","status":"passed","title":"attaches event listener for clicking outside","duration":1.9253999999999678,"failureMessages":[],"meta":{}},{"ancestorTitles":["MapContextMenu"],"fullName":"MapContextMenu attaches event listener for Escape key","status":"passed","title":"attaches event listener for Escape key","duration":1.8180000000000973,"failureMessages":[],"meta":{}},{"ancestorTitles":["MapContextMenu"],"fullName":"MapContextMenu does not render when no visible items","status":"passed","title":"does not render when no visible items","duration":0.5947999999999638,"failureMessages":[],"meta":{}},{"ancestorTitles":["MapContextMenu"],"fullName":"MapContextMenu applies disabled class to disabled items","status":"passed","title":"applies disabled class to disabled items","duration":1.4288999999999987,"failureMessages":[],"meta":{}},{"ancestorTitles":["MapContextMenu"],"fullName":"MapContextMenu shows title attribute on disabled items","status":"passed","title":"shows title attribute on disabled items","duration":1.4145999999999503,"failureMessages":[],"meta":{}},{"ancestorTitles":["MapContextMenu"],"fullName":"MapContextMenu renders menu using portal to document.body","status":"passed","title":"renders menu using portal to document.body","duration":1.6370000000000573,"failureMessages":[],"meta":{}}],"startTime":1772726390522,"endTime":1772726390602.637,"status":"passed","message":"","name":"C:/Users/treed/Projects/OpenGIS/SimcoeCountyWebViewerNextJS/src/components/__tests__/MapContextMenu.test.tsx"},{"assertionResults":[{"ancestorTitles":["MapContextMenuContainer"],"fullName":"MapContextMenuContainer renders without crashing when map is available","status":"passed","title":"renders without crashing when map is available","duration":16.95920000000001,"failureMessages":[],"meta":{}},{"ancestorTitles":["MapContextMenuContainer"],"fullName":"MapContextMenuContainer does not render menu when map is null","status":"passed","title":"does not render menu when map is null","duration":2.2133000000001175,"failureMessages":[],"meta":{}},{"ancestorTitles":["MapContextMenuContainer"],"fullName":"MapContextMenuContainer adds ContextMenuInteraction to map on mount","status":"passed","title":"adds ContextMenuInteraction to map on mount","duration":8.130200000000059,"failureMessages":[],"meta":{}},{"ancestorTitles":["MapContextMenuContainer"],"fullName":"MapContextMenuContainer removes ContextMenuInteraction from map on unmount","status":"passed","title":"removes ContextMenuInteraction from map on unmount","duration":20.212499999999864,"failureMessages":[],"meta":{}},{"ancestorTitles":["MapContextMenuContainer"],"fullName":"MapContextMenuContainer does not show menu when disable flags are set","status":"passed","title":"does not show menu when disable flags are set","duration":3.3818999999998596,"failureMessages":[],"meta":{}},{"ancestorTitles":["MapContextMenuContainer"],"fullName":"MapContextMenuContainer respects disableParcelClick flag","status":"passed","title":"respects disableParcelClick flag","duration":3.039199999999937,"failureMessages":[],"meta":{}},{"ancestorTitles":["MapContextMenuContainer"],"fullName":"MapContextMenuContainer respects isCoordinateToolOpen flag","status":"passed","title":"respects isCoordinateToolOpen flag","duration":2.141399999999976,"failureMessages":[],"meta":{}},{"ancestorTitles":["MapContextMenuContainer"],"fullName":"MapContextMenuContainer respects isMeasuring flag","status":"passed","title":"respects isMeasuring flag","duration":1.9287999999999101,"failureMessages":[],"meta":{}},{"ancestorTitles":["MapContextMenuContainer"],"fullName":"MapContextMenuContainer handles property report functionality","status":"passed","title":"handles property report functionality","duration":3.2788000000000466,"failureMessages":[],"meta":{}},{"ancestorTitles":["MapContextMenuContainer"],"fullName":"MapContextMenuContainer handles add marker functionality with MyMaps integration","status":"passed","title":"handles add marker functionality with MyMaps integration","duration":2.649199999999837,"failureMessages":[],"meta":{}},{"ancestorTitles":["MapContextMenuContainer"],"fullName":"MapContextMenuContainer handles identify functionality","status":"passed","title":"handles identify functionality","duration":3.473799999999983,"failureMessages":[],"meta":{}},{"ancestorTitles":["MapContextMenuContainer"],"fullName":"MapContextMenuContainer dispatches more event when more is clicked","status":"passed","title":"dispatches more event when more is clicked","duration":1.9807000000000698,"failureMessages":[],"meta":{}},{"ancestorTitles":["MapContextMenuContainer"],"fullName":"MapContextMenuContainer handles switch to basic mode by collapsing sidebar","status":"passed","title":"handles switch to basic mode by collapsing sidebar","duration":1.5816999999999553,"failureMessages":[],"meta":{}},{"ancestorTitles":["MapContextMenuContainer"],"fullName":"MapContextMenuContainer hides basic mode option on mobile","status":"passed","title":"hides basic mode option on mobile","duration":1.6078999999999724,"failureMessages":[],"meta":{}},{"ancestorTitles":["MapContextMenuContainer"],"fullName":"MapContextMenuContainer includes all menu items based on config visibility","status":"passed","title":"includes all menu items based on config visibility","duration":1.5419999999999163,"failureMessages":[],"meta":{}},{"ancestorTitles":["MapContextMenuContainer"],"fullName":"MapContextMenuContainer filters out invisible menu items","status":"passed","title":"filters out invisible menu items","duration":1.6264000000001033,"failureMessages":[],"meta":{}},{"ancestorTitles":["MapContextMenuContainer"],"fullName":"MapContextMenuContainer component cleans up interactions on unmount","status":"passed","title":"component cleans up interactions on unmount","duration":2.110800000000154,"failureMessages":[],"meta":{}}],"startTime":1772726398883,"endTime":1772726398961.1108,"status":"passed","message":"","name":"C:/Users/treed/Projects/OpenGIS/SimcoeCountyWebViewerNextJS/src/components/__tests__/MapContextMenuContainer.test.tsx"},{"assertionResults":[{"ancestorTitles":["PanelComponent"],"fullName":"PanelComponent renders title and triggers close","status":"passed","title":"renders title and triggers close","duration":26.76890000000003,"failureMessages":[],"meta":{}},{"ancestorTitles":["PanelComponent"],"fullName":"PanelComponent shows help icon and calls showURLWindow","status":"passed","title":"shows help icon and calls showURLWindow","duration":5.7712999999999965,"failureMessages":[],"meta":{}}],"startTime":1772726424592,"endTime":1772726424623.7712,"status":"passed","message":"","name":"C:/Users/treed/Projects/OpenGIS/SimcoeCountyWebViewerNextJS/src/components/__tests__/PanelComponent.test.tsx"},{"assertionResults":[{"ancestorTitles":["PropertyPopup"],"fullName":"PropertyPopup renders property information correctly","status":"passed","title":"renders property information correctly","duration":24.930200000000013,"failureMessages":[],"meta":{}},{"ancestorTitles":["PropertyPopup"],"fullName":"PropertyPopup displays assessed value image when available","status":"passed","title":"displays assessed value image when available","duration":4.978800000000092,"failureMessages":[],"meta":{}},{"ancestorTitles":["PropertyPopup"],"fullName":"PropertyPopup displays zoning information","status":"passed","title":"displays zoning information","duration":5.0715000000000146,"failureMessages":[],"meta":{}},{"ancestorTitles":["PropertyPopup"],"fullName":"PropertyPopup displays no zoning when false","status":"passed","title":"displays no zoning when false","duration":3.9506000000000085,"failureMessages":[],"meta":{}},{"ancestorTitles":["PropertyPopup"],"fullName":"PropertyPopup displays waste collection day","status":"passed","title":"displays waste collection day","duration":4.536399999999958,"failureMessages":[],"meta":{}},{"ancestorTitles":["PropertyPopup"],"fullName":"PropertyPopup displays broadband speed","status":"passed","title":"displays broadband speed","duration":3.577299999999923,"failureMessages":[],"meta":{}},{"ancestorTitles":["PropertyPopup"],"fullName":"PropertyPopup displays coordinates with proper formatting","status":"passed","title":"displays coordinates with proper formatting","duration":3.7141999999998916,"failureMessages":[],"meta":{}},{"ancestorTitles":["PropertyPopup"],"fullName":"PropertyPopup copies ARN to clipboard when copy button is clicked","status":"passed","title":"copies ARN to clipboard when copy button is clicked","duration":2014.2049000000002,"failureMessages":[],"meta":{}},{"ancestorTitles":["PropertyPopup"],"fullName":"PropertyPopup copies share URL to clipboard when share is clicked","status":"passed","title":"copies share URL to clipboard when share is clicked","duration":3.4703000000004067,"failureMessages":[],"meta":{}},{"ancestorTitles":["PropertyPopup"],"fullName":"PropertyPopup handles add to my maps action","status":"passed","title":"handles add to my maps action","duration":4.716899999999896,"failureMessages":[],"meta":{}},{"ancestorTitles":["PropertyPopup"],"fullName":"PropertyPopup opens terms URL in new window","status":"passed","title":"opens terms URL in new window","duration":2.9088999999999032,"failureMessages":[],"meta":{}},{"ancestorTitles":["PropertyPopup"],"fullName":"PropertyPopup shows more information when button is clicked","status":"passed","title":"shows more information when button is clicked","duration":3.3488000000002103,"failureMessages":[],"meta":{}},{"ancestorTitles":["PropertyPopup"],"fullName":"PropertyPopup calls onClose and clears parcel layer when close button is clicked","status":"passed","title":"calls onClose and clears parcel layer when close button is clicked","duration":2.6961999999998625,"failureMessages":[],"meta":{}},{"ancestorTitles":["PropertyPopup"],"fullName":"PropertyPopup handles missing optional properties gracefully","status":"passed","title":"handles missing optional properties gracefully","duration":1.4519000000000233,"failureMessages":[],"meta":{}},{"ancestorTitles":["PropertyPopup"],"fullName":"PropertyPopup handles missing onClearParcelLayer callback","status":"passed","title":"handles missing onClearParcelLayer callback","duration":2.6283000000003085,"failureMessages":[],"meta":{}},{"ancestorTitles":["PropertyPopup"],"fullName":"PropertyPopup renders all action buttons","status":"passed","title":"renders all action buttons","duration":2.3667999999997846,"failureMessages":[],"meta":{}},{"ancestorTitles":["PropertyPopup"],"fullName":"PropertyPopup renders all tool links","status":"passed","title":"renders all tool links","duration":4.491599999999835,"failureMessages":[],"meta":{}},{"ancestorTitles":["PropertyPopup"],"fullName":"PropertyPopup handles share when shareURL is not provided","status":"passed","title":"handles share when shareURL is not provided","duration":2.4101999999998043,"failureMessages":[],"meta":{}}],"startTime":1772726305053,"endTime":1772726307149.4102,"status":"passed","message":"","name":"C:/Users/treed/Projects/OpenGIS/SimcoeCountyWebViewerNextJS/src/components/__tests__/PropertyPopup.test.tsx"},{"assertionResults":[{"ancestorTitles":["PropertyReportClick"],"fullName":"PropertyReportClick initializes parcel layer and interaction when map is available","status":"passed","title":"initializes parcel layer and interaction when map is available","duration":10.297400000000039,"failureMessages":[],"meta":{}},{"ancestorTitles":["PropertyReportClick"],"fullName":"PropertyReportClick does not initialize if map is not available","status":"passed","title":"does not initialize if map is not available","duration":1.2169000000000096,"failureMessages":[],"meta":{}},{"ancestorTitles":["PropertyReportClick"],"fullName":"PropertyReportClick cleans up interaction and layer on unmount","status":"passed","title":"cleans up interaction and layer on unmount","duration":1.5797999999999774,"failureMessages":[],"meta":{}},{"ancestorTitles":["PropertyReportClick"],"fullName":"PropertyReportClick updates interaction callbacks when dependencies change","status":"passed","title":"updates interaction callbacks when dependencies change","duration":1.8736999999999853,"failureMessages":[],"meta":{}},{"ancestorTitles":["PropertyReportClick"],"fullName":"PropertyReportClick handles ARN URL parameter and shows property window","status":"passed","title":"handles ARN URL parameter and shows property window","duration":1.5284000000000333,"failureMessages":[],"meta":{}},{"ancestorTitles":["PropertyReportClick"],"fullName":"PropertyReportClick generates correct share URL with ARN parameter","status":"passed","title":"generates correct share URL with ARN parameter","duration":0.6911999999999807,"failureMessages":[],"meta":{}},{"ancestorTitles":["PropertyReportClick"],"fullName":"PropertyReportClick handles missing parcel layer configuration gracefully","status":"passed","title":"handles missing parcel layer configuration gracefully","duration":0.9803999999999178,"failureMessages":[],"meta":{}},{"ancestorTitles":["PropertyReportClick"],"fullName":"PropertyReportClick converts Web Mercator coordinates to Lat/Long correctly","status":"passed","title":"converts Web Mercator coordinates to Lat/Long correctly","duration":0.2016999999999598,"failureMessages":[],"meta":{}},{"ancestorTitles":["PropertyReportClick"],"fullName":"PropertyReportClick fetches property info and handles errors gracefully","status":"passed","title":"fetches property info and handles errors gracefully","duration":1.310200000000009,"failureMessages":[],"meta":{}},{"ancestorTitles":["PropertyReportClick"],"fullName":"PropertyReportClick clears parcel layer when popup is closed","status":"passed","title":"clears parcel layer when popup is closed","duration":1.1008999999999105,"failureMessages":[],"meta":{}}],"startTime":1772726434281,"endTime":1772726434302.1008,"status":"passed","message":"","name":"C:/Users/treed/Projects/OpenGIS/SimcoeCountyWebViewerNextJS/src/components/__tests__/PropertyReportClick.test.tsx"},{"assertionResults":[{"ancestorTitles":["ResultsPopup","Helper Functions","createPropertyResult"],"fullName":"ResultsPopup Helper Functions createPropertyResult creates a property result with all fields","status":"passed","title":"creates a property result with all fields","duration":1.929899999999975,"failureMessages":[],"meta":{}},{"ancestorTitles":["ResultsPopup","Helper Functions","createPropertyResult"],"fullName":"ResultsPopup Helper Functions createPropertyResult uses ARN as display name when address is not provided","status":"passed","title":"uses ARN as display name when address is not provided","duration":0.37180000000000746,"failureMessages":[],"meta":{}},{"ancestorTitles":["ResultsPopup","Helper Functions","createCondoResult"],"fullName":"ResultsPopup Helper Functions createCondoResult creates a condo result with unit number and address","status":"passed","title":"creates a condo result with unit number and address","duration":0.415300000000002,"failureMessages":[],"meta":{}},{"ancestorTitles":["ResultsPopup","Helper Functions","createCondoResult"],"fullName":"ResultsPopup Helper Functions createCondoResult creates a condo result without unit number","status":"passed","title":"creates a condo result without unit number","duration":0.3988000000000511,"failureMessages":[],"meta":{}},{"ancestorTitles":["ResultsPopup","Helper Functions","createCondoResult"],"fullName":"ResultsPopup Helper Functions createCondoResult uses ARN when unit number and address are missing","status":"passed","title":"uses ARN when unit number and address are missing","duration":0.3483999999999696,"failureMessages":[],"meta":{}},{"ancestorTitles":["ResultsPopup","Helper Functions","createIdentifyResult"],"fullName":"ResultsPopup Helper Functions createIdentifyResult creates an identify result with all fields","status":"passed","title":"creates an identify result with all fields","duration":0.8025000000000091,"failureMessages":[],"meta":{}},{"ancestorTitles":["ResultsPopup","Helper Functions","createIdentifyResult"],"fullName":"ResultsPopup Helper Functions createIdentifyResult falls back to NAME attribute for display name","status":"passed","title":"falls back to NAME attribute for display name","duration":0.13400000000001455,"failureMessages":[],"meta":{}},{"ancestorTitles":["ResultsPopup","Helper Functions","createIdentifyResult"],"fullName":"ResultsPopup Helper Functions createIdentifyResult falls back to label attribute for display name","status":"passed","title":"falls back to label attribute for display name","duration":0.09569999999996526,"failureMessages":[],"meta":{}},{"ancestorTitles":["ResultsPopup","Helper Functions","createIdentifyResult"],"fullName":"ResultsPopup Helper Functions createIdentifyResult uses feature ID when no name attributes exist","status":"passed","title":"uses feature ID when no name attributes exist","duration":0.27719999999999345,"failureMessages":[],"meta":{}},{"ancestorTitles":["ResultsPopup","Component Rendering"],"fullName":"ResultsPopup Component Rendering renders with a single property result","status":"passed","title":"renders with a single property result","duration":28.52549999999985,"failureMessages":[],"meta":{}},{"ancestorTitles":["ResultsPopup","Component Rendering"],"fullName":"ResultsPopup Component Rendering renders with multiple condo results","status":"passed","title":"renders with multiple condo results","duration":4.543799999999919,"failureMessages":[],"meta":{}},{"ancestorTitles":["ResultsPopup","Component Rendering"],"fullName":"ResultsPopup Component Rendering renders identify results with attributes","status":"passed","title":"renders identify results with attributes","duration":4.671100000000024,"failureMessages":[],"meta":{}},{"ancestorTitles":["ResultsPopup","Component Rendering"],"fullName":"ResultsPopup Component Rendering shows loading state when isLoadingResults is true","status":"passed","title":"shows loading state when isLoadingResults is true","duration":65.99839999999995,"failureMessages":[],"meta":{}},{"ancestorTitles":["ResultsPopup","Component Rendering"],"fullName":"ResultsPopup Component Rendering shows error message when resultsError is provided","status":"passed","title":"shows error message when resultsError is provided","duration":26.560300000000097,"failureMessages":[],"meta":{}},{"ancestorTitles":["ResultsPopup","Component Rendering"],"fullName":"ResultsPopup Component Rendering shows empty message when no results","status":"passed","title":"shows empty message when no results","duration":28.641400000000203,"failureMessages":[],"meta":{}},{"ancestorTitles":["ResultsPopup","Result Selection"],"fullName":"ResultsPopup Result Selection auto-selects first result on mount","status":"passed","title":"auto-selects first result on mount","duration":6.308300000000145,"failureMessages":[],"meta":{}},{"ancestorTitles":["ResultsPopup","Result Selection"],"fullName":"ResultsPopup Result Selection calls onSelectResult when a result is selected","status":"passed","title":"calls onSelectResult when a result is selected","duration":4.626400000000103,"failureMessages":[],"meta":{}},{"ancestorTitles":["ResultsPopup","Result Selection"],"fullName":"ResultsPopup Result Selection shows loading state while fetching result details","status":"passed","title":"shows loading state while fetching result details","duration":10.47460000000001,"failureMessages":[],"meta":{}},{"ancestorTitles":["ResultsPopup","Result Selection"],"fullName":"ResultsPopup Result Selection handles errors during result selection gracefully","status":"passed","title":"handles errors during result selection gracefully","duration":4.455999999999904,"failureMessages":[],"meta":{}},{"ancestorTitles":["ResultsPopup","Property Result Content"],"fullName":"ResultsPopup Property Result Content renders PropertyPopup for property result with propInfo","status":"passed","title":"renders PropertyPopup for property result with propInfo","duration":9.358000000000175,"failureMessages":[],"meta":{}},{"ancestorTitles":["ResultsPopup","Property Result Content"],"fullName":"ResultsPopup Property Result Content shows loading message for property without propInfo","status":"passed","title":"shows loading message for property without propInfo","duration":6.717000000000098,"failureMessages":[],"meta":{}},{"ancestorTitles":["ResultsPopup","Property Result Content"],"fullName":"ResultsPopup Property Result Content passes onClearParcelLayer to PropertyPopup","status":"passed","title":"passes onClearParcelLayer to PropertyPopup","duration":6.150100000000066,"failureMessages":[],"meta":{}},{"ancestorTitles":["ResultsPopup","Condo Result Content"],"fullName":"ResultsPopup Condo Result Content renders PropertyPopup for condo result with propInfo","status":"passed","title":"renders PropertyPopup for condo result with propInfo","duration":6.475800000000163,"failureMessages":[],"meta":{}},{"ancestorTitles":["ResultsPopup","Condo Result Content"],"fullName":"ResultsPopup Condo Result Content shows loading message for condo without propInfo","status":"passed","title":"shows loading message for condo without propInfo","duration":5.465199999999868,"failureMessages":[],"meta":{}},{"ancestorTitles":["ResultsPopup","Condo Result Content"],"fullName":"ResultsPopup Condo Result Content renders multiple condo units correctly","status":"passed","title":"renders multiple condo units correctly","duration":2.7199000000000524,"failureMessages":[],"meta":{}},{"ancestorTitles":["ResultsPopup","Identify Result Content"],"fullName":"ResultsPopup Identify Result Content renders identify result with attributes table","status":"passed","title":"renders identify result with attributes table","duration":19.80340000000001,"failureMessages":[],"meta":{}},{"ancestorTitles":["ResultsPopup","Identify Result Content"],"fullName":"ResultsPopup Identify Result Content renders multiple identify results","status":"passed","title":"renders multiple identify results","duration":3.4785000000001673,"failureMessages":[],"meta":{}},{"ancestorTitles":["ResultsPopup","Identify Result Content"],"fullName":"ResultsPopup Identify Result Content handles empty attributes object","status":"passed","title":"handles empty attributes object","duration":4.809799999999996,"failureMessages":[],"meta":{}},{"ancestorTitles":["ResultsPopup","Mixed Result Types"],"fullName":"ResultsPopup Mixed Result Types renders results of different types together","status":"passed","title":"renders results of different types together","duration":2.8596999999999753,"failureMessages":[],"meta":{}},{"ancestorTitles":["ResultsPopup","Mixed Result Types"],"fullName":"ResultsPopup Mixed Result Types auto-selects first result regardless of type","status":"passed","title":"auto-selects first result regardless of type","duration":2.7980999999999767,"failureMessages":[],"meta":{}},{"ancestorTitles":["ResultsPopup","Close and Cleanup"],"fullName":"ResultsPopup Close and Cleanup calls onClose when PropertyPopup close button is clicked","status":"passed","title":"calls onClose when PropertyPopup close button is clicked","duration":40.943500000000085,"failureMessages":[],"meta":{}},{"ancestorTitles":["ResultsPopup","Icon Rendering"],"fullName":"ResultsPopup Icon Rendering uses correct icon for property results in collapsed mode","status":"passed","title":"uses correct icon for property results in collapsed mode","duration":6.7934999999999945,"failureMessages":[],"meta":{}},{"ancestorTitles":["ResultsPopup","Icon Rendering"],"fullName":"ResultsPopup Icon Rendering uses correct icon for condo results in collapsed mode","status":"passed","title":"uses correct icon for condo results in collapsed mode","duration":7.335800000000063,"failureMessages":[],"meta":{}},{"ancestorTitles":["ResultsPopup","Icon Rendering"],"fullName":"ResultsPopup Icon Rendering uses correct icon for identify results in collapsed mode","status":"passed","title":"uses correct icon for identify results in collapsed mode","duration":6.848600000000033,"failureMessages":[],"meta":{}},{"ancestorTitles":["ResultsPopup","Icon Rendering"],"fullName":"ResultsPopup Icon Rendering shows expanded sidebar when toggle button is clicked","status":"passed","title":"shows expanded sidebar when toggle button is clicked","duration":41.82899999999995,"failureMessages":[],"meta":{}}],"startTime":1772726338477,"endTime":1772726338841.829,"status":"passed","message":"","name":"C:/Users/treed/Projects/OpenGIS/SimcoeCountyWebViewerNextJS/src/components/__tests__/ResultsPopup.test.tsx"},{"assertionResults":[{"ancestorTitles":["Search component"],"fullName":"Search component renders search input without crashing","status":"passed","title":"renders search input without crashing","duration":64.84039999999993,"failureMessages":[],"meta":{}},{"ancestorTitles":["Search component"],"fullName":"Search component renders with custom placeholder","status":"passed","title":"renders with custom placeholder","duration":6.996200000000044,"failureMessages":[],"meta":{}},{"ancestorTitles":["Search component"],"fullName":"Search component handles URL parameters properly","status":"passed","title":"handles URL parameters properly","duration":6.009900000000016,"failureMessages":[],"meta":{}}],"startTime":1772726404025,"endTime":1772726404103.01,"status":"passed","message":"","name":"C:/Users/treed/Projects/OpenGIS/SimcoeCountyWebViewerNextJS/src/components/__tests__/Search.test.tsx"},{"assertionResults":[{"ancestorTitles":["Sidebar"],"fullName":"Sidebar renders tools tab and allows item click","status":"passed","title":"renders tools tab and allows item click","duration":59.29360000000008,"failureMessages":[],"meta":{}},{"ancestorTitles":["Sidebar"],"fullName":"Sidebar handles URL parameters for tab activation","status":"passed","title":"handles URL parameters for tab activation","duration":9.996200000000044,"failureMessages":[],"meta":{}},{"ancestorTitles":["Sidebar"],"fullName":"Sidebar renders normally without URL parameters","status":"passed","title":"renders normally without URL parameters","duration":9.242700000000013,"failureMessages":[],"meta":{}},{"ancestorTitles":["Sidebar","Secure filtering"],"fullName":"Sidebar Secure filtering hides secure themes when user is not authenticated","status":"passed","title":"hides secure themes when user is not authenticated","duration":16.453700000000026,"failureMessages":[],"meta":{}},{"ancestorTitles":["Sidebar","Secure filtering"],"fullName":"Sidebar Secure filtering shows all themes when user is authenticated","status":"passed","title":"shows all themes when user is authenticated","duration":10.399000000000115,"failureMessages":[],"meta":{}},{"ancestorTitles":["Sidebar","Secure filtering"],"fullName":"Sidebar Secure filtering hides secure tools when user is not authenticated","status":"passed","title":"hides secure tools when user is not authenticated","duration":8.371200000000044,"failureMessages":[],"meta":{}},{"ancestorTitles":["Sidebar","Single theme mode"],"fullName":"Sidebar Single theme mode shows theme name on tab when only one theme exists","status":"passed","title":"shows theme name on tab when only one theme exists","duration":8.818700000000035,"failureMessages":[],"meta":{}},{"ancestorTitles":["Sidebar","Single theme mode"],"fullName":"Sidebar Single theme mode shows generic Themes tab when multiple themes exist","status":"passed","title":"shows generic Themes tab when multiple themes exist","duration":8.281100000000151,"failureMessages":[],"meta":{}}],"startTime":1772726371261,"endTime":1772726371392.281,"status":"passed","message":"","name":"C:/Users/treed/Projects/OpenGIS/SimcoeCountyWebViewerNextJS/src/components/__tests__/Sidebar.test.tsx"},{"assertionResults":[{"ancestorTitles":["SidebarSlim"],"fullName":"SidebarSlim renders buttons when sidebar closed and toggles More menu","status":"passed","title":"renders buttons when sidebar closed and toggles More menu","duration":38.27449999999999,"failureMessages":[],"meta":{}}],"startTime":1772726417741,"endTime":1772726417779.2744,"status":"passed","message":"","name":"C:/Users/treed/Projects/OpenGIS/SimcoeCountyWebViewerNextJS/src/components/__tests__/SidebarSlim.test.tsx"},{"assertionResults":[{"ancestorTitles":["TOC"],"fullName":"TOC initializes from config and shows header controls","status":"passed","title":"initializes from config and shows header controls","duration":30.838700000000017,"failureMessages":[],"meta":{}},{"ancestorTitles":["TOC"],"fullName":"TOC handles URL parameters for TOC configuration","status":"passed","title":"handles URL parameters for TOC configuration","duration":4.835700000000088,"failureMessages":[],"meta":{}}],"startTime":1772726420894,"endTime":1772726420929.8357,"status":"passed","message":"","name":"C:/Users/treed/Projects/OpenGIS/SimcoeCountyWebViewerNextJS/src/components/__tests__/TOC.test.tsx"},{"assertionResults":[{"ancestorTitles":["TOCFolderView","Basic Rendering"],"fullName":"TOCFolderView Basic Rendering renders when visible","status":"passed","title":"renders when visible","duration":19.774400000000014,"failureMessages":[],"meta":{}},{"ancestorTitles":["TOCFolderView","Basic Rendering"],"fullName":"TOCFolderView Basic Rendering hides when not visible","status":"passed","title":"hides when not visible","duration":3.3197000000000116,"failureMessages":[],"meta":{}},{"ancestorTitles":["TOCFolderView","Basic Rendering"],"fullName":"TOCFolderView Basic Rendering renders all layer groups","status":"passed","title":"renders all layer groups","duration":3.9777999999998883,"failureMessages":[],"meta":{}},{"ancestorTitles":["TOCFolderView","Basic Rendering"],"fullName":"TOCFolderView Basic Rendering passes correct props to GroupItem components","status":"passed","title":"passes correct props to GroupItem components","duration":6.346299999999928,"failureMessages":[],"meta":{}},{"ancestorTitles":["TOCFolderView","Visibility Changes"],"fullName":"TOCFolderView Visibility Changes updates visibility when prop changes","status":"passed","title":"updates visibility when prop changes","duration":8.197200000000066,"failureMessages":[],"meta":{}},{"ancestorTitles":["TOCFolderView","Event Handling"],"fullName":"TOCFolderView Event Handling handles layer change events","status":"passed","title":"handles layer change events","duration":5.716000000000122,"failureMessages":[],"meta":{}},{"ancestorTitles":["TOCFolderView","Event Handling"],"fullName":"TOCFolderView Event Handling handles legend toggle events","status":"passed","title":"handles legend toggle events","duration":3.1608000000001084,"failureMessages":[],"meta":{}},{"ancestorTitles":["TOCFolderView","Event Handling"],"fullName":"TOCFolderView Event Handling handles layer options click events","status":"passed","title":"handles layer options click events","duration":3.0336999999999534,"failureMessages":[],"meta":{}},{"ancestorTitles":["TOCFolderView","Event Handling"],"fullName":"TOCFolderView Event Handling handles group visibility events","status":"passed","title":"handles group visibility events","duration":2.9688999999998487,"failureMessages":[],"meta":{}},{"ancestorTitles":["TOCFolderView","Event Handling"],"fullName":"TOCFolderView Event Handling handles group folder toggle events","status":"passed","title":"handles group folder toggle events","duration":2.6467999999999847,"failureMessages":[],"meta":{}},{"ancestorTitles":["TOCFolderView","Search Functionality"],"fullName":"TOCFolderView Search Functionality passes search text to GroupItem components","status":"passed","title":"passes search text to GroupItem components","duration":2.5072999999999865,"failureMessages":[],"meta":{}},{"ancestorTitles":["TOCFolderView","Search Functionality"],"fullName":"TOCFolderView Search Functionality handles empty search text","status":"passed","title":"handles empty search text","duration":2.118400000000065,"failureMessages":[],"meta":{}},{"ancestorTitles":["TOCFolderView","Sorting"],"fullName":"TOCFolderView Sorting passes sort alpha flag to GroupItem components","status":"passed","title":"passes sort alpha flag to GroupItem components","duration":2.2339999999999236,"failureMessages":[],"meta":{}},{"ancestorTitles":["TOCFolderView","Sorting"],"fullName":"TOCFolderView Sorting handles sort alpha disabled","status":"passed","title":"handles sort alpha disabled","duration":2.1895999999999276,"failureMessages":[],"meta":{}},{"ancestorTitles":["TOCFolderView","Layer Groups Handling"],"fullName":"TOCFolderView Layer Groups Handling handles empty layer groups","status":"passed","title":"handles empty layer groups","duration":1.1406000000001768,"failureMessages":[],"meta":{}},{"ancestorTitles":["TOCFolderView","Layer Groups Handling"],"fullName":"TOCFolderView Layer Groups Handling renders groups with unique keys","status":"passed","title":"renders groups with unique keys","duration":2.126800000000003,"failureMessages":[],"meta":{}},{"ancestorTitles":["TOCFolderView","Layer Groups Handling"],"fullName":"TOCFolderView Layer Groups Handling passes correct panelOpen prop to GroupItem","status":"passed","title":"passes correct panelOpen prop to GroupItem","duration":4.542000000000144,"failureMessages":[],"meta":{}},{"ancestorTitles":["TOCFolderView","Props Validation"],"fullName":"TOCFolderView Props Validation handles missing optional props","status":"passed","title":"handles missing optional props","duration":2.2956000000001495,"failureMessages":[],"meta":{}},{"ancestorTitles":["TOCFolderView","Props Validation"],"fullName":"TOCFolderView Props Validation handles selectedGroup prop when provided","status":"passed","title":"handles selectedGroup prop when provided","duration":2.0868000000000393,"failureMessages":[],"meta":{}},{"ancestorTitles":["TOCFolderView","Props Validation"],"fullName":"TOCFolderView Props Validation handles null selectedGroup prop","status":"passed","title":"handles null selectedGroup prop","duration":2.772799999999961,"failureMessages":[],"meta":{}},{"ancestorTitles":["TOCFolderView","Component Lifecycle"],"fullName":"TOCFolderView Component Lifecycle responds to visibility prop changes","status":"passed","title":"responds to visibility prop changes","duration":11.330500000000029,"failureMessages":[],"meta":{}},{"ancestorTitles":["TOCFolderView","Component Lifecycle"],"fullName":"TOCFolderView Component Lifecycle updates when layer groups change","status":"passed","title":"updates when layer groups change","duration":5.239499999999907,"failureMessages":[],"meta":{}},{"ancestorTitles":["TOCFolderView","CSS Classes and Structure"],"fullName":"TOCFolderView CSS Classes and Structure applies correct CSS classes","status":"passed","title":"applies correct CSS classes","duration":4.184499999999844,"failureMessages":[],"meta":{}},{"ancestorTitles":["TOCFolderView","CSS Classes and Structure"],"fullName":"TOCFolderView CSS Classes and Structure has correct DOM structure","status":"passed","title":"has correct DOM structure","duration":2.4763000000000375,"failureMessages":[],"meta":{}}],"startTime":1772726380987,"endTime":1772726381094.4763,"status":"passed","message":"","name":"C:/Users/treed/Projects/OpenGIS/SimcoeCountyWebViewerNextJS/src/components/__tests__/TOCFolderView.test.tsx"},{"assertionResults":[{"ancestorTitles":["TOCHeader"],"fullName":"TOCHeader renders and triggers controls","status":"passed","title":"renders and triggers controls","duration":71.35759999999993,"failureMessages":[],"meta":{}}],"startTime":1772726397528,"endTime":1772726397599.3577,"status":"passed","message":"","name":"C:/Users/treed/Projects/OpenGIS/SimcoeCountyWebViewerNextJS/src/components/__tests__/TOCHeader.test.tsx"},{"assertionResults":[{"ancestorTitles":["useConfig"],"fullName":"useConfig loads config and updates metadata","status":"passed","title":"loads config and updates metadata","duration":87.72110000000009,"failureMessages":[],"meta":{}}],"startTime":1772726374595,"endTime":1772726374682.7212,"status":"passed","message":"","name":"C:/Users/treed/Projects/OpenGIS/SimcoeCountyWebViewerNextJS/src/hooks/__tests__/useConfig.test.ts"},{"assertionResults":[{"ancestorTitles":["useConfig"],"fullName":"useConfig loads config and exposes it","status":"passed","title":"loads config and exposes it","duration":1.3278999999999996,"failureMessages":[],"meta":{}},{"ancestorTitles":["useConfig"],"fullName":"useConfig handles load error","status":"passed","title":"handles load error","duration":0.3613000000000284,"failureMessages":[],"meta":{}}],"startTime":1772726460460,"endTime":1772726460461.3613,"status":"passed","message":"","name":"C:/Users/treed/Projects/OpenGIS/SimcoeCountyWebViewerNextJS/src/hooks/__tests__/useConfig.test.tsx"},{"assertionResults":[{"ancestorTitles":["appStore","Initial State"],"fullName":"appStore Initial State should have correct initial loading states","status":"passed","title":"should have correct initial loading states","duration":11.109800000000064,"failureMessages":[],"meta":{}},{"ancestorTitles":["appStore","Initial State"],"fullName":"appStore Initial State should have null initial config and error","status":"passed","title":"should have null initial config and error","duration":1.4728000000000065,"failureMessages":[],"meta":{}},{"ancestorTitles":["appStore","Initial State"],"fullName":"appStore Initial State should have correct initial app info","status":"passed","title":"should have correct initial app info","duration":1.9891000000000076,"failureMessages":[],"meta":{}},{"ancestorTitles":["appStore","Loading State Management"],"fullName":"appStore Loading State Management should update individual loading states","status":"passed","title":"should update individual loading states","duration":0.3768000000000029,"failureMessages":[],"meta":{}},{"ancestorTitles":["appStore","Loading State Management"],"fullName":"appStore Loading State Management should compute isAnyLoading correctly when all are false","status":"passed","title":"should compute isAnyLoading correctly when all are false","duration":0.18380000000001928,"failureMessages":[],"meta":{}},{"ancestorTitles":["appStore","Loading State Management"],"fullName":"appStore Loading State Management should compute isAnyLoading correctly when any is true","status":"passed","title":"should compute isAnyLoading correctly when any is true","duration":0.1751000000000431,"failureMessages":[],"meta":{}},{"ancestorTitles":["appStore","Loading State Management"],"fullName":"appStore Loading State Management should compute isAnyLoading correctly when multiple are true","status":"passed","title":"should compute isAnyLoading correctly when multiple are true","duration":0.16039999999998145,"failureMessages":[],"meta":{}},{"ancestorTitles":["appStore","Configuration Management"],"fullName":"appStore Configuration Management should set config and clear error","status":"passed","title":"should set config and clear error","duration":0.15359999999998308,"failureMessages":[],"meta":{}},{"ancestorTitles":["appStore","Configuration Management"],"fullName":"appStore Configuration Management should set config error","status":"passed","title":"should set config error","duration":0.23950000000002092,"failureMessages":[],"meta":{}},{"ancestorTitles":["appStore","Configuration Management"],"fullName":"appStore Configuration Management should handle null config","status":"passed","title":"should handle null config","duration":0.1550999999999476,"failureMessages":[],"meta":{}},{"ancestorTitles":["appStore","App Info Management"],"fullName":"appStore App Info Management should update app info partially","status":"passed","title":"should update app info partially","duration":0.11079999999992651,"failureMessages":[],"meta":{}},{"ancestorTitles":["appStore","App Info Management"],"fullName":"appStore App Info Management should update multiple app info properties","status":"passed","title":"should update multiple app info properties","duration":0.12040000000001783,"failureMessages":[],"meta":{}},{"ancestorTitles":["appStore","App Info Management"],"fullName":"appStore App Info Management should merge app info updates with existing values","status":"passed","title":"should merge app info updates with existing values","duration":0.09519999999997708,"failureMessages":[],"meta":{}}],"startTime":1772726439730,"endTime":1772726439746.2395,"status":"passed","message":"","name":"C:/Users/treed/Projects/OpenGIS/SimcoeCountyWebViewerNextJS/src/stores/__tests__/appStore.test.ts"},{"assertionResults":[{"ancestorTitles":["eventStore","Initial State"],"fullName":"eventStore Initial State should have empty listeners array initially","status":"passed","title":"should have empty listeners array initially","duration":1.534400000000005,"failureMessages":[],"meta":{}},{"ancestorTitles":["eventStore","Event Listener Management"],"fullName":"eventStore Event Listener Management should store listener data correctly","status":"passed","title":"should store listener data correctly","duration":1.1318999999999733,"failureMessages":[],"meta":{}},{"ancestorTitles":["eventStore","Event Listener Management"],"fullName":"eventStore Event Listener Management should support multiple listeners for different events","status":"passed","title":"should support multiple listeners for different events","duration":0.4231999999999516,"failureMessages":[],"meta":{}},{"ancestorTitles":["eventStore","Event Listener Management"],"fullName":"eventStore Event Listener Management should support removing listeners","status":"passed","title":"should support removing listeners","duration":0.3730000000000473,"failureMessages":[],"meta":{}},{"ancestorTitles":["eventStore","Event Listener Management"],"fullName":"eventStore Event Listener Management should support mapLoaded event type","status":"passed","title":"should support mapLoaded event type","duration":0.22550000000001091,"failureMessages":[],"meta":{}},{"ancestorTitles":["eventStore","Event Listener Management"],"fullName":"eventStore Event Listener Management should support sidebarChanged event type","status":"passed","title":"should support sidebarChanged event type","duration":0.18270000000006803,"failureMessages":[],"meta":{}}],"startTime":1772726453574,"endTime":1772726453578.373,"status":"passed","message":"","name":"C:/Users/treed/Projects/OpenGIS/SimcoeCountyWebViewerNextJS/src/stores/__tests__/eventStore.test.ts"},{"assertionResults":[{"ancestorTitles":["helpModalStore","Initial State"],"fullName":"helpModalStore Initial State should have isOpen as false by default","status":"passed","title":"should have isOpen as false by default","duration":1.3649999999998954,"failureMessages":[],"meta":{}},{"ancestorTitles":["helpModalStore","openHelp"],"fullName":"helpModalStore openHelp should set isOpen to true","status":"passed","title":"should set isOpen to true","duration":0.22429999999997108,"failureMessages":[],"meta":{}},{"ancestorTitles":["helpModalStore","openHelp"],"fullName":"helpModalStore openHelp should remain open when called multiple times","status":"passed","title":"should remain open when called multiple times","duration":0.12240000000008422,"failureMessages":[],"meta":{}},{"ancestorTitles":["helpModalStore","closeHelp"],"fullName":"helpModalStore closeHelp should set isOpen to false","status":"passed","title":"should set isOpen to false","duration":0.3029000000000224,"failureMessages":[],"meta":{}},{"ancestorTitles":["helpModalStore","closeHelp"],"fullName":"helpModalStore closeHelp should be safe to call when already closed","status":"passed","title":"should be safe to call when already closed","duration":0.1830000000001064,"failureMessages":[],"meta":{}},{"ancestorTitles":["helpModalStore","open/close cycle"],"fullName":"helpModalStore open/close cycle should support repeated open/close cycles","status":"passed","title":"should support repeated open/close cycles","duration":0.4071999999999889,"failureMessages":[],"meta":{}}],"startTime":1772726458706,"endTime":1772726458709.4072,"status":"passed","message":"","name":"C:/Users/treed/Projects/OpenGIS/SimcoeCountyWebViewerNextJS/src/stores/__tests__/helpModalStore.test.ts"},{"assertionResults":[{"ancestorTitles":["interactionManagerStore","Initial State"],"fullName":"interactionManagerStore Initial State should start with an empty handlers array","status":"passed","title":"should start with an empty handlers array","duration":1.6394999999999982,"failureMessages":[],"meta":{}},{"ancestorTitles":["interactionManagerStore","registerHandler"],"fullName":"interactionManagerStore registerHandler should add a handler","status":"passed","title":"should add a handler","duration":0.8659999999999854,"failureMessages":[],"meta":{}},{"ancestorTitles":["interactionManagerStore","registerHandler"],"fullName":"interactionManagerStore registerHandler should assign default priority of 100","status":"passed","title":"should assign default priority of 100","duration":0.21610000000009677,"failureMessages":[],"meta":{}},{"ancestorTitles":["interactionManagerStore","registerHandler"],"fullName":"interactionManagerStore registerHandler should preserve explicit priority","status":"passed","title":"should preserve explicit priority","duration":0.2883999999999105,"failureMessages":[],"meta":{}},{"ancestorTitles":["interactionManagerStore","registerHandler"],"fullName":"interactionManagerStore registerHandler should sort handlers by priority (lower number = higher priority)","status":"passed","title":"should sort handlers by priority (lower number = higher priority)","duration":0.3086000000000695,"failureMessages":[],"meta":{}},{"ancestorTitles":["interactionManagerStore","registerHandler"],"fullName":"interactionManagerStore registerHandler should replace existing handler with same ID","status":"passed","title":"should replace existing handler with same ID","duration":0.2845999999999549,"failureMessages":[],"meta":{}},{"ancestorTitles":["interactionManagerStore","registerHandler"],"fullName":"interactionManagerStore registerHandler should register multiple handlers with different IDs","status":"passed","title":"should register multiple handlers with different IDs","duration":0.25720000000001164,"failureMessages":[],"meta":{}},{"ancestorTitles":["interactionManagerStore","unregisterHandler"],"fullName":"interactionManagerStore unregisterHandler should remove a handler by ID","status":"passed","title":"should remove a handler by ID","duration":0.2380999999999176,"failureMessages":[],"meta":{}},{"ancestorTitles":["interactionManagerStore","unregisterHandler"],"fullName":"interactionManagerStore unregisterHandler should handle removing non-existent handler gracefully","status":"passed","title":"should handle removing non-existent handler gracefully","duration":0.7666000000000395,"failureMessages":[],"meta":{}},{"ancestorTitles":["interactionManagerStore","unregisterHandler"],"fullName":"interactionManagerStore unregisterHandler should result in empty array when last handler is removed","status":"passed","title":"should result in empty array when last handler is removed","duration":0.1735999999999649,"failureMessages":[],"meta":{}},{"ancestorTitles":["interactionManagerStore","getHandlers"],"fullName":"interactionManagerStore getHandlers should return all handlers when no eventType filter specified","status":"passed","title":"should return all handlers when no eventType filter specified","duration":0.1973000000000411,"failureMessages":[],"meta":{}},{"ancestorTitles":["interactionManagerStore","getHandlers"],"fullName":"interactionManagerStore getHandlers should filter handlers by eventType","status":"passed","title":"should filter handlers by eventType","duration":0.28940000000000055,"failureMessages":[],"meta":{}},{"ancestorTitles":["interactionManagerStore","getHandlers"],"fullName":"interactionManagerStore getHandlers should return empty array when no handlers match eventType","status":"passed","title":"should return empty array when no handlers match eventType","duration":0.10979999999995016,"failureMessages":[],"meta":{}},{"ancestorTitles":["interactionManagerStore","getHandlers"],"fullName":"interactionManagerStore getHandlers should return handlers in priority order","status":"passed","title":"should return handlers in priority order","duration":0.12600000000009004,"failureMessages":[],"meta":{}},{"ancestorTitles":["interactionManagerStore","Handler Conditions"],"fullName":"interactionManagerStore Handler Conditions should store conditions on registered handler","status":"passed","title":"should store conditions on registered handler","duration":0.35980000000006385,"failureMessages":[],"meta":{}},{"ancestorTitles":["interactionManagerStore","Handler Conditions"],"fullName":"interactionManagerStore Handler Conditions should store handler without conditions","status":"passed","title":"should store handler without conditions","duration":0.10599999999999454,"failureMessages":[],"meta":{}},{"ancestorTitles":["interactionManagerStore","Event Type Support"],"fullName":"interactionManagerStore Event Type Support should support singleclick event type","status":"passed","title":"should support singleclick event type","duration":0.16440000000000055,"failureMessages":[],"meta":{}},{"ancestorTitles":["interactionManagerStore","Event Type Support"],"fullName":"interactionManagerStore Event Type Support should support contextmenu event type","status":"passed","title":"should support contextmenu event type","duration":0.20650000000000546,"failureMessages":[],"meta":{}},{"ancestorTitles":["interactionManagerStore","Event Type Support"],"fullName":"interactionManagerStore Event Type Support should support pointermove event type","status":"passed","title":"should support pointermove event type","duration":0.14359999999999218,"failureMessages":[],"meta":{}},{"ancestorTitles":["interactionManagerStore","Event Type Support"],"fullName":"interactionManagerStore Event Type Support should support dblclick event type","status":"passed","title":"should support dblclick event type","duration":0.11969999999996617,"failureMessages":[],"meta":{}}],"startTime":1772726441520,"endTime":1772726441527.2065,"status":"passed","message":"","name":"C:/Users/treed/Projects/OpenGIS/SimcoeCountyWebViewerNextJS/src/stores/__tests__/interactionManagerStore.test.ts"},{"assertionResults":[{"ancestorTitles":["layerManagerStore","Initial State"],"fullName":"layerManagerStore Initial State should have empty layer categories","status":"passed","title":"should have empty layer categories","duration":1.671199999999999,"failureMessages":[],"meta":{}},{"ancestorTitles":["layerManagerStore","Initial State"],"fullName":"layerManagerStore Initial State should have correct initial z-index values","status":"passed","title":"should have correct initial z-index values","duration":0.43879999999990105,"failureMessages":[],"meta":{}},{"ancestorTitles":["layerManagerStore","Adding Layers"],"fullName":"layerManagerStore Adding Layers should add layer to specified category","status":"passed","title":"should add layer to specified category","duration":1.4764999999999873,"failureMessages":[],"meta":{}},{"ancestorTitles":["layerManagerStore","Adding Layers"],"fullName":"layerManagerStore Adding Layers should set correct z-index on layer","status":"passed","title":"should set correct z-index on layer","duration":0.8116999999999734,"failureMessages":[],"meta":{}},{"ancestorTitles":["layerManagerStore","Adding Layers"],"fullName":"layerManagerStore Adding Layers should add multiple layers with incremental z-index","status":"passed","title":"should add multiple layers with incremental z-index","duration":0.46100000000001273,"failureMessages":[],"meta":{}},{"ancestorTitles":["layerManagerStore","Adding Layers"],"fullName":"layerManagerStore Adding Layers should accept custom layer ID","status":"passed","title":"should accept custom layer ID","duration":0.23430000000007567,"failureMessages":[],"meta":{}},{"ancestorTitles":["layerManagerStore","Removing Layers"],"fullName":"layerManagerStore Removing Layers should remove layer by ID","status":"passed","title":"should remove layer by ID","duration":0.3592999999998483,"failureMessages":[],"meta":{}},{"ancestorTitles":["layerManagerStore","Removing Layers"],"fullName":"layerManagerStore Removing Layers should return false for non-existent layer ID","status":"passed","title":"should return false for non-existent layer ID","duration":0.21810000000004948,"failureMessages":[],"meta":{}},{"ancestorTitles":["layerManagerStore","Layer Visibility"],"fullName":"layerManagerStore Layer Visibility should update layer visibility","status":"passed","title":"should update layer visibility","duration":0.5584000000001197,"failureMessages":[],"meta":{}},{"ancestorTitles":["layerManagerStore","Layer Opacity"],"fullName":"layerManagerStore Layer Opacity should update layer opacity","status":"passed","title":"should update layer opacity","duration":0.4356999999999971,"failureMessages":[],"meta":{}},{"ancestorTitles":["layerManagerStore","Layer Retrieval"],"fullName":"layerManagerStore Layer Retrieval should get layer by ID","status":"passed","title":"should get layer by ID","duration":0.22979999999984102,"failureMessages":[],"meta":{}},{"ancestorTitles":["layerManagerStore","Layer Retrieval"],"fullName":"layerManagerStore Layer Retrieval should return null for non-existent layer","status":"passed","title":"should return null for non-existent layer","duration":0.09540000000015425,"failureMessages":[],"meta":{}},{"ancestorTitles":["layerManagerStore","Layer Retrieval"],"fullName":"layerManagerStore Layer Retrieval should get layers by category","status":"passed","title":"should get layers by category","duration":0.28710000000000946,"failureMessages":[],"meta":{}},{"ancestorTitles":["layerManagerStore","Layer Retrieval"],"fullName":"layerManagerStore Layer Retrieval should get all layers sorted by z-index","status":"passed","title":"should get all layers sorted by z-index","duration":0.2821999999998752,"failureMessages":[],"meta":{}},{"ancestorTitles":["layerManagerStore","Category Management"],"fullName":"layerManagerStore Category Management should clear category","status":"passed","title":"should clear category","duration":0.3790000000001328,"failureMessages":[],"meta":{}},{"ancestorTitles":["layerManagerStore","Category Management"],"fullName":"layerManagerStore Category Management should clear all layers","status":"passed","title":"should clear all layers","duration":0.31510000000002947,"failureMessages":[],"meta":{}},{"ancestorTitles":["layerManagerStore","Z-Index Management"],"fullName":"layerManagerStore Z-Index Management should get next z-index for category","status":"passed","title":"should get next z-index for category","duration":0.14229999999997744,"failureMessages":[],"meta":{}},{"ancestorTitles":["layerManagerStore","Z-Index Management"],"fullName":"layerManagerStore Z-Index Management should reorder category layers","status":"passed","title":"should reorder category layers","duration":0.2601999999999407,"failureMessages":[],"meta":{}},{"ancestorTitles":["layerManagerStore","Clickable Layers"],"fullName":"layerManagerStore Clickable Layers should default clickable to false when not specified","status":"passed","title":"should default clickable to false when not specified","duration":0.15780000000017935,"failureMessages":[],"meta":{}},{"ancestorTitles":["layerManagerStore","Clickable Layers"],"fullName":"layerManagerStore Clickable Layers should store clickable as true when specified","status":"passed","title":"should store clickable as true when specified","duration":0.11940000000004147,"failureMessages":[],"meta":{}},{"ancestorTitles":["layerManagerStore","Clickable Layers"],"fullName":"layerManagerStore Clickable Layers getClickableLayers should return only clickable and visible layers","status":"passed","title":"getClickableLayers should return only clickable and visible layers","duration":0.2414000000001124,"failureMessages":[],"meta":{}},{"ancestorTitles":["layerManagerStore","Clickable Layers"],"fullName":"layerManagerStore Clickable Layers getClickableLayers should sort by z-index descending (top-most first)","status":"passed","title":"getClickableLayers should sort by z-index descending (top-most first)","duration":0.23270000000002256,"failureMessages":[],"meta":{}},{"ancestorTitles":["layerManagerStore","Clickable Layers"],"fullName":"layerManagerStore Clickable Layers getClickableLayers should return empty array when no clickable layers","status":"passed","title":"getClickableLayers should return empty array when no clickable layers","duration":0.16259999999988395,"failureMessages":[],"meta":{}},{"ancestorTitles":["layerManagerStore","Clickable Layers"],"fullName":"layerManagerStore Clickable Layers updateLayerClickable should update the clickable property","status":"passed","title":"updateLayerClickable should update the clickable property","duration":0.342200000000048,"failureMessages":[],"meta":{}},{"ancestorTitles":["layerManagerStore","Clickable Layers"],"fullName":"layerManagerStore Clickable Layers updateLayerClickable should return false for non-existent layer","status":"passed","title":"updateLayerClickable should return false for non-existent layer","duration":0.1171999999999116,"failureMessages":[],"meta":{}}],"startTime":1772726443578,"endTime":1772726443588.3423,"status":"passed","message":"","name":"C:/Users/treed/Projects/OpenGIS/SimcoeCountyWebViewerNextJS/src/stores/__tests__/layerManagerStore.test.ts"},{"assertionResults":[{"ancestorTitles":["mapStore","Initial State"],"fullName":"mapStore Initial State should have correct initial state","status":"passed","title":"should have correct initial state","duration":1.9448999999999614,"failureMessages":[],"meta":{}},{"ancestorTitles":["mapStore","Map Management"],"fullName":"mapStore Map Management should set map instance","status":"passed","title":"should set map instance","duration":0.31500000000005457,"failureMessages":[],"meta":{}},{"ancestorTitles":["mapStore","Map Management"],"fullName":"mapStore Map Management should set popup instance","status":"passed","title":"should set popup instance","duration":0.20909999999992124,"failureMessages":[],"meta":{}},{"ancestorTitles":["mapStore","Map Management"],"fullName":"mapStore Map Management should set map controls","status":"passed","title":"should set map controls","duration":0.2604999999999791,"failureMessages":[],"meta":{}},{"ancestorTitles":["mapStore","Interaction State Management"],"fullName":"mapStore Interaction State Management should toggle parcel click state","status":"passed","title":"should toggle parcel click state","duration":0.22199999999998,"failureMessages":[],"meta":{}},{"ancestorTitles":["mapStore","Interaction State Management"],"fullName":"mapStore Interaction State Management should toggle identify click state","status":"passed","title":"should toggle identify click state","duration":0.14189999999996417,"failureMessages":[],"meta":{}},{"ancestorTitles":["mapStore","Interaction State Management"],"fullName":"mapStore Interaction State Management should toggle drawing/editing state","status":"passed","title":"should toggle drawing/editing state","duration":0.16509999999993852,"failureMessages":[],"meta":{}},{"ancestorTitles":["mapStore","Interaction State Management"],"fullName":"mapStore Interaction State Management should toggle coordinate tool state","status":"passed","title":"should toggle coordinate tool state","duration":0.11180000000001655,"failureMessages":[],"meta":{}},{"ancestorTitles":["mapStore","Interaction State Management"],"fullName":"mapStore Interaction State Management should toggle measuring state","status":"passed","title":"should toggle measuring state","duration":0.2538999999999305,"failureMessages":[],"meta":{}},{"ancestorTitles":["mapStore","Loading Management"],"fullName":"mapStore Loading Management should add loaded item","status":"passed","title":"should add loaded item","duration":0.5793999999999642,"failureMessages":[],"meta":{}},{"ancestorTitles":["mapStore","Loading Management"],"fullName":"mapStore Loading Management should convert loaded items to lowercase","status":"passed","title":"should convert loaded items to lowercase","duration":0.20839999999998327,"failureMessages":[],"meta":{}},{"ancestorTitles":["mapStore","Loading Management"],"fullName":"mapStore Loading Management should not add duplicate loaded items","status":"passed","title":"should not add duplicate loaded items","duration":0.13450000000000273,"failureMessages":[],"meta":{}},{"ancestorTitles":["mapStore","Loading Management"],"fullName":"mapStore Loading Management should remove loaded item","status":"passed","title":"should remove loaded item","duration":0.1330000000000382,"failureMessages":[],"meta":{}},{"ancestorTitles":["mapStore","Loading Management"],"fullName":"mapStore Loading Management should check if single item is loaded","status":"passed","title":"should check if single item is loaded","duration":0.10580000000004475,"failureMessages":[],"meta":{}},{"ancestorTitles":["mapStore","Loading Management"],"fullName":"mapStore Loading Management should check if all items are loaded (array)","status":"passed","title":"should check if all items are loaded (array)","duration":0.13659999999993033,"failureMessages":[],"meta":{}},{"ancestorTitles":["mapStore","Loading Management"],"fullName":"mapStore Loading Management should check if single item is loaded (string)","status":"passed","title":"should check if single item is loaded (string)","duration":0.09319999999991069,"failureMessages":[],"meta":{}},{"ancestorTitles":["mapStore","Loading Management"],"fullName":"mapStore Loading Management should handle empty array for areItemsLoaded","status":"passed","title":"should handle empty array for areItemsLoaded","duration":0.06960000000003674,"failureMessages":[],"meta":{}},{"ancestorTitles":["mapStore","Loading Management"],"fullName":"mapStore Loading Management should clear all loaded items","status":"passed","title":"should clear all loaded items","duration":0.10009999999999764,"failureMessages":[],"meta":{}},{"ancestorTitles":["mapStore","Map State Management"],"fullName":"mapStore Map State Management should set current exte
[...]
ogglerTool","Error Handling"],"fullName":"TogglerTool Error Handling handles WFS record count fetch failure gracefully","status":"passed","title":"handles WFS record count fetch failure gracefully","duration":24.728499999999713,"failureMessages":[],"meta":{}},{"ancestorTitles":["TogglerTool","Cleanup"],"fullName":"TogglerTool Cleanup calls reset and onClose when close button is clicked","status":"passed","title":"calls reset and onClose when close button is clicked","duration":9.302200000000084,"failureMessages":[],"meta":{}},{"ancestorTitles":["TogglerTool","Cleanup"],"fullName":"TogglerTool Cleanup clears active tool ID on unmount","status":"passed","title":"clears active tool ID on unmount","duration":8.56860000000006,"failureMessages":[],"meta":{}},{"ancestorTitles":["TogglerTool","Helper Functions"],"fullName":"TogglerTool Helper Functions helper functions are tested via component behavior","status":"passed","title":"helper functions are tested via component behavior","duration":0.6375000000002728,"failureMessages":[],"meta":{}}],"startTime":1772726344982,"endTime":1772726345494.6375,"status":"passed","message":"","name":"C:/Users/treed/Projects/OpenGIS/SimcoeCountyWebViewerNextJS/src/components/tools/secure/toggler/__tests__/TogglerTool.test.tsx"},{"assertionResults":[{"ancestorTitles":["GET /api/mymaps/[id]","Host Authorization"],"fullName":"GET /api/mymaps/[id] Host Authorization should allow requests from authorized hosts","status":"passed","title":"should allow requests from authorized hosts","duration":4.435600000000022,"failureMessages":[],"meta":{}},{"ancestorTitles":["GET /api/mymaps/[id]","Host Authorization"],"fullName":"GET /api/mymaps/[id] Host Authorization should reject requests from unauthorized hosts","status":"passed","title":"should reject requests from unauthorized hosts","duration":1.10349999999994,"failureMessages":[],"meta":{}},{"ancestorTitles":["GET /api/mymaps/[id]","Host Authorization"],"fullName":"GET /api/mymaps/[id] Host Authorization should handle missing host header","status":"passed","title":"should handle missing host header","duration":0.6620000000000346,"failureMessages":[],"meta":{}},{"ancestorTitles":["GET /api/mymaps/[id]","Host Authorization"],"fullName":"GET /api/mymaps/[id] Host Authorization should handle null host header","status":"passed","title":"should handle null host header","duration":0.5751000000000204,"failureMessages":[],"meta":{}},{"ancestorTitles":["GET /api/mymaps/[id]","ID Parameter Handling"],"fullName":"GET /api/mymaps/[id] ID Parameter Handling should extract ID from route parameters","status":"passed","title":"should extract ID from route parameters","duration":0.5572999999999411,"failureMessages":[],"meta":{}},{"ancestorTitles":["GET /api/mymaps/[id]","ID Parameter Handling"],"fullName":"GET /api/mymaps/[id] ID Parameter Handling should handle numeric string IDs","status":"passed","title":"should handle numeric string IDs","duration":0.40300000000002,"failureMessages":[],"meta":{}},{"ancestorTitles":["GET /api/mymaps/[id]","ID Parameter Handling"],"fullName":"GET /api/mymaps/[id] ID Parameter Handling should handle alphanumeric IDs","status":"passed","title":"should handle alphanumeric IDs","duration":0.3124000000000251,"failureMessages":[],"meta":{}},{"ancestorTitles":["GET /api/mymaps/[id]","ID Parameter Handling"],"fullName":"GET /api/mymaps/[id] ID Parameter Handling should handle UUID-style IDs","status":"passed","title":"should handle UUID-style IDs","duration":0.3747999999999365,"failureMessages":[],"meta":{}},{"ancestorTitles":["GET /api/mymaps/[id]","Successful Data Retrieval"],"fullName":"GET /api/mymaps/[id] Successful Data Retrieval should return complete MyMaps record for existing ID","status":"passed","title":"should return complete MyMaps record for existing ID","duration":0.6988000000000056,"failureMessages":[],"meta":{}},{"ancestorTitles":["GET /api/mymaps/[id]","Successful Data Retrieval"],"fullName":"GET /api/mymaps/[id] Successful Data Retrieval should return record with empty items array","status":"passed","title":"should return record with empty items array","duration":0.44089999999994234,"failureMessages":[],"meta":{}},{"ancestorTitles":["GET /api/mymaps/[id]","Successful Data Retrieval"],"fullName":"GET /api/mymaps/[id] Successful Data Retrieval should return record with complex MyMaps data","status":"passed","title":"should return record with complex MyMaps data","duration":0.5868000000000393,"failureMessages":[],"meta":{}},{"ancestorTitles":["GET /api/mymaps/[id]","Not Found Handling"],"fullName":"GET /api/mymaps/[id] Not Found Handling should return 404 when record is not found","status":"passed","title":"should return 404 when record is not found","duration":0.2758000000000038,"failureMessages":[],"meta":{}},{"ancestorTitles":["GET /api/mymaps/[id]","Not Found Handling"],"fullName":"GET /api/mymaps/[id] Not Found Handling should return 404 when record is null","status":"passed","title":"should return 404 when record is null","duration":0.39459999999996853,"failureMessages":[],"meta":{}},{"ancestorTitles":["GET /api/mymaps/[id]","Not Found Handling"],"fullName":"GET /api/mymaps/[id] Not Found Handling should return 404 for non-existent alphanumeric ID","status":"passed","title":"should return 404 for non-existent alphanumeric ID","duration":0.30939999999998236,"failureMessages":[],"meta":{}},{"ancestorTitles":["GET /api/mymaps/[id]","Error Handling"],"fullName":"GET /api/mymaps/[id] Error Handling should handle database query errors","status":"passed","title":"should handle database query errors","duration":1.7273000000000138,"failureMessages":[],"meta":{}},{"ancestorTitles":["GET /api/mymaps/[id]","Error Handling"],"fullName":"GET /api/mymaps/[id] Error Handling should handle unexpected errors","status":"passed","title":"should handle unexpected errors","duration":0.789299999999912,"failureMessages":[],"meta":{}},{"ancestorTitles":["GET /api/mymaps/[id]","Error Handling"],"fullName":"GET /api/mymaps/[id] Error Handling should handle context parameter parsing errors","status":"passed","title":"should handle context parameter parsing errors","duration":0.6050000000000182,"failureMessages":[],"meta":{}},{"ancestorTitles":["GET /api/mymaps/[id]","Response Format"],"fullName":"GET /api/mymaps/[id] Response Format should set correct content type header","status":"passed","title":"should set correct content type header","duration":0.26130000000000564,"failureMessages":[],"meta":{}},{"ancestorTitles":["GET /api/mymaps/[id]","Response Format"],"fullName":"GET /api/mymaps/[id] Response Format should preserve JSON string format in response","status":"passed","title":"should preserve JSON string format in response","duration":0.22840000000007876,"failureMessages":[],"meta":{}},{"ancestorTitles":["GET /api/mymaps/[id]","Response Format"],"fullName":"GET /api/mymaps/[id] Response Format should handle various data types in database response","status":"passed","title":"should handle various data types in database response","duration":0.313199999999938,"failureMessages":[],"meta":{}},{"ancestorTitles":["GET /api/mymaps/[id]","Logging and Debugging"],"fullName":"GET /api/mymaps/[id] Logging and Debugging should log unauthorized domain attempts","status":"passed","title":"should log unauthorized domain attempts","duration":0.30299999999999727,"failureMessages":[],"meta":{}},{"ancestorTitles":["GET /api/mymaps/[id]","Logging and Debugging"],"fullName":"GET /api/mymaps/[id] Logging and Debugging should log errors for debugging","status":"passed","title":"should log errors for debugging","duration":0.9857999999999265,"failureMessages":[],"meta":{}},{"ancestorTitles":["GET /api/mymaps/[id]","Edge Cases"],"fullName":"GET /api/mymaps/[id] Edge Cases should handle empty string ID parameter","status":"passed","title":"should handle empty string ID parameter","duration":0.2983999999999014,"failureMessages":[],"meta":{}},{"ancestorTitles":["GET /api/mymaps/[id]","Edge Cases"],"fullName":"GET /api/mymaps/[id] Edge Cases should handle whitespace-only ID parameter","status":"passed","title":"should handle whitespace-only ID parameter","duration":0.23230000000000928,"failureMessages":[],"meta":{}},{"ancestorTitles":["GET /api/mymaps/[id]","Edge Cases"],"fullName":"GET /api/mymaps/[id] Edge Cases should handle special characters in ID parameter","status":"passed","title":"should handle special characters in ID parameter","duration":0.17180000000007567,"failureMessages":[],"meta":{}}],"startTime":1772726435236,"endTime":1772726435253.2983,"status":"passed","message":"","name":"C:/Users/treed/Projects/OpenGIS/SimcoeCountyWebViewerNextJS/src/app/api/public/mymaps/[id]/__tests__/route.test.ts"},{"assertionResults":[],"startTime":1772726299028,"endTime":1772726299028,"status":"failed","message":"__vite_ssr_import_0__.default.create is not a function","name":"C:/Users/treed/Projects/OpenGIS/SimcoeCountyWebViewerNextJS/src/components/themes/secure/apptrack/reports/__tests__/EMapsReport.test.tsx"},{"assertionResults":[{"ancestorTitles":["SearchOwnerNamesTool","Authentication and Authorization"],"fullName":"SearchOwnerNamesTool Authentication and Authorization shows loading spinner when auth is loading","status":"passed","title":"shows loading spinner when auth is loading","duration":24.254699999999957,"failureMessages":[],"meta":{}},{"ancestorTitles":["SearchOwnerNamesTool","Authentication and Authorization"],"fullName":"SearchOwnerNamesTool Authentication and Authorization shows login prompt when not authenticated","status":"passed","title":"shows login prompt when not authenticated","duration":33.28620000000001,"failureMessages":[],"meta":{}},{"ancestorTitles":["SearchOwnerNamesTool","Authentication and Authorization"],"fullName":"SearchOwnerNamesTool Authentication and Authorization calls promptLogin when sign in button is clicked","status":"passed","title":"calls promptLogin when sign in button is clicked","duration":11.267799999999966,"failureMessages":[],"meta":{}},{"ancestorTitles":["SearchOwnerNamesTool","Authentication and Authorization"],"fullName":"SearchOwnerNamesTool Authentication and Authorization shows access denied when authenticated but lacking required roles","status":"passed","title":"shows access denied when authenticated but lacking required roles","duration":2.8532000000000153,"failureMessages":[],"meta":{}},{"ancestorTitles":["SearchOwnerNamesTool","Authentication and Authorization"],"fullName":"SearchOwnerNamesTool Authentication and Authorization renders main tool when authenticated with proper roles","status":"passed","title":"renders main tool when authenticated with proper roles","duration":8.737199999999916,"failureMessages":[],"meta":{}},{"ancestorTitles":["SearchOwnerNamesTool","Main UI Rendering"],"fullName":"SearchOwnerNamesTool Main UI Rendering renders municipality dropdown with all options","status":"passed","title":"renders municipality dropdown with all options","duration":15.537700000000086,"failureMessages":[],"meta":{}},{"ancestorTitles":["SearchOwnerNamesTool","Main UI Rendering"],"fullName":"SearchOwnerNamesTool Main UI Rendering renders owner name input field","status":"passed","title":"renders owner name input field","duration":4.376800000000003,"failureMessages":[],"meta":{}},{"ancestorTitles":["SearchOwnerNamesTool","Main UI Rendering"],"fullName":"SearchOwnerNamesTool Main UI Rendering renders Search and Clear buttons","status":"passed","title":"renders Search and Clear buttons","duration":10.16109999999992,"failureMessages":[],"meta":{}},{"ancestorTitles":["SearchOwnerNamesTool","Main UI Rendering"],"fullName":"SearchOwnerNamesTool Main UI Rendering disables Search button when owner name is empty","status":"passed","title":"disables Search button when owner name is empty","duration":7.203099999999949,"failureMessages":[],"meta":{}},{"ancestorTitles":["SearchOwnerNamesTool","Main UI Rendering"],"fullName":"SearchOwnerNamesTool Main UI Rendering shows initial hint message when no search has been done","status":"passed","title":"shows initial hint message when no search has been done","duration":4.49350000000004,"failureMessages":[],"meta":{}},{"ancestorTitles":["SearchOwnerNamesTool","Main UI Rendering"],"fullName":"SearchOwnerNamesTool Main UI Rendering passes custom name prop to PanelComponent","status":"passed","title":"passes custom name prop to PanelComponent","duration":4.233900000000062,"failureMessages":[],"meta":{}},{"ancestorTitles":["SearchOwnerNamesTool","Form Interactions"],"fullName":"SearchOwnerNamesTool Form Interactions updates municipality on dropdown change","status":"passed","title":"updates municipality on dropdown change","duration":9.093799999999987,"failureMessages":[],"meta":{}},{"ancestorTitles":["SearchOwnerNamesTool","Form Interactions"],"fullName":"SearchOwnerNamesTool Form Interactions updates owner name input on typing","status":"passed","title":"updates owner name input on typing","duration":5.775800000000004,"failureMessages":[],"meta":{}},{"ancestorTitles":["SearchOwnerNamesTool","Form Interactions"],"fullName":"SearchOwnerNamesTool Form Interactions enables Search button after entering owner name","status":"passed","title":"enables Search button after entering owner name","duration":8.283999999999992,"failureMessages":[],"meta":{}},{"ancestorTitles":["SearchOwnerNamesTool","Form Interactions"],"fullName":"SearchOwnerNamesTool Form Interactions triggers search on Enter key","status":"passed","title":"triggers search on Enter key","duration":21.935299999999984,"failureMessages":[],"meta":{}},{"ancestorTitles":["SearchOwnerNamesTool","Autocomplete Behavior"],"fullName":"SearchOwnerNamesTool Autocomplete Behavior triggers autocomplete after debounce when typing 2+ chars","status":"passed","title":"triggers autocomplete after debounce when typing 2+ chars","duration":23.872100000000046,"failureMessages":[],"meta":{}},{"ancestorTitles":["SearchOwnerNamesTool","Autocomplete Behavior"],"fullName":"SearchOwnerNamesTool Autocomplete Behavior does not trigger autocomplete for single character","status":"passed","title":"does not trigger autocomplete for single character","duration":7.5219999999999345,"failureMessages":[],"meta":{}},{"ancestorTitles":["SearchOwnerNamesTool","Autocomplete Behavior"],"fullName":"SearchOwnerNamesTool Autocomplete Behavior shows autocomplete dropdown items","status":"passed","title":"shows autocomplete dropdown items","duration":9.657600000000002,"failureMessages":[],"meta":{}},{"ancestorTitles":["SearchOwnerNamesTool","Autocomplete Behavior"],"fullName":"SearchOwnerNamesTool Autocomplete Behavior filters autocomplete results by selected municipality","status":"passed","title":"filters autocomplete results by selected municipality","duration":12.638400000000047,"failureMessages":[],"meta":{}},{"ancestorTitles":["SearchOwnerNamesTool","Autocomplete Behavior"],"fullName":"SearchOwnerNamesTool Autocomplete Behavior performs exact match search when autocomplete item is selected","status":"passed","title":"performs exact match search when autocomplete item is selected","duration":327.3481999999999,"failureMessages":[],"meta":{}},{"ancestorTitles":["SearchOwnerNamesTool","WFS Search"],"fullName":"SearchOwnerNamesTool WFS Search calls WFS endpoint with Bearer token on search","status":"passed","title":"calls WFS endpoint with Bearer token on search","duration":12.085500000000138,"failureMessages":[],"meta":{}},{"ancestorTitles":["SearchOwnerNamesTool","WFS Search"],"fullName":"SearchOwnerNamesTool WFS Search includes municipality in CQL filter when not SEARCH ALL","status":"passed","title":"includes municipality in CQL filter when not SEARCH ALL","duration":22.457300000000032,"failureMessages":[],"meta":{}},{"ancestorTitles":["SearchOwnerNamesTool","WFS Search"],"fullName":"SearchOwnerNamesTool WFS Search shows error when no access token is available","status":"passed","title":"shows error when no access token is available","duration":20.755800000000136,"failureMessages":[],"meta":{}},{"ancestorTitles":["SearchOwnerNamesTool","WFS Search"],"fullName":"SearchOwnerNamesTool WFS Search shows error on WFS request failure","status":"passed","title":"shows error on WFS request failure","duration":19.032900000000154,"failureMessages":[],"meta":{}},{"ancestorTitles":["SearchOwnerNamesTool","WFS Search"],"fullName":"SearchOwnerNamesTool WFS Search shows error on network failure","status":"passed","title":"shows error on network failure","duration":15.947599999999966,"failureMessages":[],"meta":{}},{"ancestorTitles":["SearchOwnerNamesTool","WFS Search"],"fullName":"SearchOwnerNamesTool WFS Search displays parsed features after successful search","status":"passed","title":"displays parsed features after successful search","duration":21.27370000000019,"failureMessages":[],"meta":{}},{"ancestorTitles":["SearchOwnerNamesTool","WFS Search"],"fullName":"SearchOwnerNamesTool WFS Search fits map to feature extent after search","status":"passed","title":"fits map to feature extent after search","duration":16.950000000000045,"failureMessages":[],"meta":{}},{"ancestorTitles":["SearchOwnerNamesTool","WFS Search"],"fullName":"SearchOwnerNamesTool WFS Search shows singular 'parcel' for single result","status":"passed","title":"shows singular 'parcel' for single result","duration":17.013400000000047,"failureMessages":[],"meta":{}},{"ancestorTitles":["SearchOwnerNamesTool","WFS Search"],"fullName":"SearchOwnerNamesTool WFS Search shows 'No results found' when search returns empty","status":"passed","title":"shows 'No results found' when search returns empty","duration":14.080500000000029,"failureMessages":[],"meta":{}},{"ancestorTitles":["SearchOwnerNamesTool","Feature Selection"],"fullName":"SearchOwnerNamesTool Feature Selection zooms to feature geometry when result item is clicked","status":"passed","title":"zooms to feature geometry when result item is clicked","duration":22.958700000000135,"failureMessages":[],"meta":{}},{"ancestorTitles":["SearchOwnerNamesTool","Clear Functionality"],"fullName":"SearchOwnerNamesTool Clear Functionality clears form, results, and state on Clear click","status":"passed","title":"clears form, results, and state on Clear click","duration":32.031099999999924,"failureMessages":[],"meta":{}},{"ancestorTitles":["SearchOwnerNamesTool","Close Handler"],"fullName":"SearchOwnerNamesTool Close Handler calls onClose and clears vector source when panel is closed","status":"passed","title":"calls onClose and clears vector source when panel is closed","duration":3.9868999999998778,"failureMessages":[],"meta":{}},{"ancestorTitles":["SearchOwnerNamesTool","Layer Lifecycle"],"fullName":"SearchOwnerNamesTool Layer Lifecycle adds vector layer via LayerManager on mount","status":"passed","title":"adds vector layer via LayerManager on mount","duration":3.8145999999999276,"failureMessages":[],"meta":{}},{"ancestorTitles":["SearchOwnerNamesTool","Layer Lifecycle"],"fullName":"SearchOwnerNamesTool Layer Lifecycle removes vector layer via LayerManager on unmount","status":"passed","title":"removes vector layer via LayerManager on unmount","duration":3.393100000000004,"failureMessages":[],"meta":{}},{"ancestorTitles":["SearchOwnerNamesTool","Layer Lifecycle"],"fullName":"SearchOwnerNamesTool Layer Lifecycle does not add layer when map is null","status":"passed","title":"does not add layer when map is null","duration":3.548000000000002,"failureMessages":[],"meta":{}},{"ancestorTitles":["SearchOwnerNamesTool","Layer Lifecycle"],"fullName":"SearchOwnerNamesTool Layer Lifecycle does not add layer when user lacks access","status":"passed","title":"does not add layer when user lacks access","duration":1.8821000000000367,"failureMessages":[],"meta":{}}],"startTime":1772726320754,"endTime":1772726321538.882,"status":"passed","message":"","name":"C:/Users/treed/Projects/OpenGIS/SimcoeCountyWebViewerNextJS/src/components/tools/secure/SearchOwnerNames/__tests__/SearchOwnerNamesTool.test.tsx"}]}
